f:\downloads\dev\cg\openflex\vc141.pdb
f:\downloads\dev\cg\openflex\pbf.obj
f:\downloads\dev\cg\openflex\particle.obj
f:\downloads\dev\cg\openflex\main.obj
f:\downloads\dev\cg\openflex\glerror.obj
f:\downloads\dev\cg\openflex\vboindexer.obj
f:\downloads\dev\cg\openflex\texture.obj
f:\downloads\dev\cg\openflex\text2d.obj
f:\downloads\dev\cg\openflex\tangentspace.obj
f:\downloads\dev\cg\openflex\shader.obj
f:\downloads\dev\cg\openflex\quaternion_utils.obj
f:\downloads\dev\cg\openflex\objloader.obj
f:\downloads\dev\cg\openflex\controls.obj
f:\downloads\dev\cg\openflex\cmakefiles\generate.stamp
f:\downloads\dev\cg\openflex\cg_uffs.tlog\cl.command.1.tlog
f:\downloads\dev\cg\openflex\cg_uffs.tlog\cl.read.1.tlog
f:\downloads\dev\cg\openflex\cg_uffs.tlog\cl.write.1.tlog
f:\downloads\dev\cg\openflex\cg_uffs.tlog\custombuild.command.1.tlog
f:\downloads\dev\cg\openflex\cg_uffs.tlog\custombuild.read.1.tlog
f:\downloads\dev\cg\openflex\cg_uffs.tlog\custombuild.write.1.tlog
f:\downloads\dev\cg\openflex\cg_uffs.tlog\link-cvtres.read.1.tlog
f:\downloads\dev\cg\openflex\cg_uffs.tlog\link-cvtres.write.1.tlog
f:\downloads\dev\cg\openflex\cg_uffs.tlog\link-rc.read.1.tlog
f:\downloads\dev\cg\openflex\cg_uffs.tlog\link-rc.write.1.tlog
f:\downloads\dev\cg\openflex\cg_uffs.tlog\link.command.1.tlog
f:\downloads\dev\cg\openflex\cg_uffs.tlog\link.read.1.tlog
f:\downloads\dev\cg\openflex\cg_uffs.tlog\link.write.1.tlog
